Build started 1/21/2018 7:37:45 AM.
     1>Project "C:\SimuroSot\Strategy.vcxproj" on node 2 (Rebuild target(s)).
       Project file contains ToolsVersion="12.0". This toolset may be unknown or missing, in which case you may be able to resolve this by installing the appropriate version of MSBuild, or the build may have been forced to a particular ToolsVersion for policy reasons. Treating the project as if it had ToolsVersion="4.0". For more information, please see http://go.microsoft.com/fwlink/?LinkId=291333.
     1>ClCompile:
         C:\Program Files (x86)\Microsoft Visual Studio 11.0\VC\bin\CL.exe /c /Zi /nologo /W3 /WX- /O2 /Ob1 /Oy- /D WIN32 /D NDEBUG /D _WINDOWS /D _USRDLL /D STRATEGY_EXPORTS /D PS_CLASS=NaivePS /D _VC80_UPGRADE=0x0600 /D _WINDLL /D _MBCS /D LOCAL_AVOID /GF /Gm- /EHsc /MT /GS /Gy /fp:precise /Zc:wchar_t /Zc:forScope /Yc"stdafx.h" /Fp".\Release\Strategy.pch" /Fo".\Release\\" /Fd".\Release\vc110.pdb" /Gd /TP /analyze- /errorReport:prompt StdAfx.cpp
         StdAfx.cpp
         C:\Program Files (x86)\Microsoft Visual Studio 11.0\VC\bin\CL.exe /c /Zi /nologo /W3 /WX- /O2 /Ob1 /Oy- /D WIN32 /D NDEBUG /D _WINDOWS /D _USRDLL /D STRATEGY_EXPORTS /D PS_CLASS=NaivePS /D _VC80_UPGRADE=0x0600 /D _WINDLL /D _MBCS /D LOCAL_AVOID /GF /Gm- /EHsc /MT /GS /Gy /fp:precise /Zc:wchar_t /Zc:forScope /Yu"stdafx.h" /Fp".\Release\Strategy.pch" /Fo".\Release\\" /Fd".\Release\vc110.pdb" /Gd /TP /analyze- /errorReport:prompt common\include\config.cpp skills.cpp Utils\intersection.cpp winDebugger\Client.cpp Core\beliefState.cpp HAL\comm.cpp Server.cpp Strategy.cpp Utils\comdef.cpp Utils\kalman.cpp Utils\LocalAvoidance.cpp
         config.cpp
     1>common\include\config.cpp(2): warning C4627: '#include <iostream>': skipped when looking for precompiled header use
                 Add directive to 'stdafx.h' or rebuild precompiled header
     1>common\include\config.cpp(8): warning C4244: 'initializing' : conversion from 'double' to 'const int', possible loss of data
     1>common\include\config.cpp(13): warning C4244: 'initializing' : conversion from 'double' to 'const int', possible loss of data
     1>common\include\config.cpp(14): warning C4244: 'initializing' : conversion from 'double' to 'const int', possible loss of data
     1>common\include\config.cpp(16): warning C4244: 'initializing' : conversion from 'double' to 'const int', possible loss of data
     1>common\include\config.cpp(17): warning C4244: 'initializing' : conversion from 'double' to 'const int', possible loss of data
     1>common\include\config.cpp(18): warning C4244: 'initializing' : conversion from 'double' to 'const int', possible loss of data
     1>common\include\config.cpp(19): warning C4244: 'initializing' : conversion from 'double' to 'const int', possible loss of data
     1>common\include\config.cpp(28): warning C4305: 'initializing' : truncation from 'double' to 'const float'
     1>common\include\config.cpp(30): warning C4305: 'initializing' : truncation from 'double' to 'const float'
     1>common\include\config.cpp(31): warning C4305: 'initializing' : truncation from 'double' to 'const float'
     1>common\include\config.cpp(46): warning C4244: 'initializing' : conversion from 'double' to 'const int', possible loss of data
     1>common\include\config.cpp(47): warning C4244: 'initializing' : conversion from 'double' to 'const int', possible loss of data
     1>common\include\config.cpp(55): warning C4305: 'initializing' : truncation from 'double' to 'const float'
     1>common\include\config.cpp(68): warning C4305: 'initializing' : truncation from 'double' to 'const float'
         skills.cpp
     1>c:\simurosot\Utils/comdef.h(14): warning C4005: 'ABSOLUTE' : macro redefinition
                 C:\Program Files (x86)\Windows Kits\8.0\Include\um\wingdi.h(1892) : see previous definition of 'ABSOLUTE'
     1>c:\simurosot\utils\..\common\include\geometry.hpp(247): warning C4244: 'argument' : conversion from 'int' to 'float', possible loss of data
     1>c:\simurosot\utils\..\common\include\geometry.hpp(258): warning C4244: 'argument' : conversion from 'float' to 'int', possible loss of data
     1>skills.cpp(18): warning C4244: 'argument' : conversion from 'const int' to 'float', possible loss of data
     1>skills.cpp(25): warning C4244: 'argument' : conversion from 'const int' to 'float', possible loss of data
     1>skills.cpp(34): warning C4244: 'argument' : conversion from 'const int' to 'float', possible loss of data
     1>skills.cpp(55): warning C4244: '=' : conversion from 'int' to 'float', possible loss of data
     1>skills.cpp(56): warning C4244: '=' : conversion from 'int' to 'float', possible loss of data
     1>skills.cpp(70): warning C4244: '=' : conversion from 'int' to 'float', possible loss of data
     1>skills.cpp(71): warning C4244: '=' : conversion from 'int' to 'float', possible loss of data
     1>skills.cpp(108): warning C4244: 'argument' : conversion from 'float' to 'int', possible loss of data
     1>skills.cpp(112): warning C4244: '=' : conversion from 'double' to 'float', possible loss of data
     1>skills.cpp(115): warning C4244: '=' : conversion from 'double' to 'float', possible loss of data
     1>skills.cpp(119): warning C4244: '*=' : conversion from 'double' to 'float', possible loss of data
     1>skills.cpp(148): warning C4244: '=' : conversion from 'double' to 'float', possible loss of data
     1>skills.cpp(172): warning C4244: '=' : conversion from 'double' to 'int', possible loss of data
     1>skills.cpp(173): warning C4244: '=' : conversion from 'double' to 'int', possible loss of data
     1>skills.cpp(186): warning C4244: 'argument' : conversion from 'const int' to 'float', possible loss of data
     1>skills.cpp(188): warning C4244: 'argument' : conversion from 'const int' to 'float', possible loss of data
     1>skills.cpp(218): warning C4244: 'argument' : conversion from 'int' to 'float', possible loss of data
     1>skills.cpp(224): warning C4101: 'omega' : unreferenced local variable
     1>skills.cpp(247): warning C4244: '=' : conversion from 'double' to 'int', possible loss of data
     1>skills.cpp(248): warning C4244: '=' : conversion from 'double' to 'int', possible loss of data
     1>skills.cpp(313): warning C4244: 'argument' : conversion from 'time_t' to 'unsigned int', possible loss of data
     1>skills.cpp(334): warning C4244: '=' : conversion from 'double' to 'int', possible loss of data
     1>skills.cpp(336): warning C4244: '=' : conversion from 'double' to 'int', possible loss of data
     1>skills.cpp(375): warning C4244: 'initializing' : conversion from 'int' to 'float', possible loss of data
     1>skills.cpp(407): warning C4244: '=' : conversion from 'float' to 'int', possible loss of data
     1>skills.cpp(437): warning C4244: '=' : conversion from 'float' to 'int', possible loss of data
     1>skills.cpp(438): warning C4244: '=' : conversion from 'float' to 'int', possible loss of data
     1>skills.cpp(440): warning C4996: 'sprintf': This function or variable may be unsafe. Consider using sprintf_s instead. To disable deprecation, use _CRT_SECURE_NO_WARNINGS. See online help for details.
                 C:\Program Files (x86)\Microsoft Visual Studio 11.0\VC\include\stdio.h(357) : see declaration of 'sprintf'
     1>skills.cpp(448): warning C4244: '=' : conversion from 'int' to 'float', possible loss of data
     1>skills.cpp(466): warning C4244: '=' : conversion from 'float' to 'int', possible loss of data
     1>skills.cpp(476): warning C4244: 'argument' : conversion from 'const int' to 'float', possible loss of data
     1>skills.cpp(476): warning C4244: 'argument' : conversion from 'int' to 'float', possible loss of data
     1>skills.cpp(484): warning C4244: '=' : conversion from 'double' to 'int', possible loss of data
     1>skills.cpp(485): warning C4244: '=' : conversion from 'double' to 'int', possible loss of data
     1>skills.cpp(530): warning C4800: 'float' : forcing value to bool 'true' or 'false' (performance warning)
         intersection.cpp
     1>c:\simurosot\utils\..\common\include\geometry.hpp(247): warning C4244: 'argument' : conversion from 'int' to 'float', possible loss of data
     1>c:\simurosot\utils\..\common\include\geometry.hpp(258): warning C4244: 'argument' : conversion from 'float' to 'int', possible loss of data
     1>Utils\intersection.cpp(23): warning C4244: 'initializing' : conversion from 'int' to 'float', possible loss of data
     1>Utils\intersection.cpp(24): warning C4244: 'initializing' : conversion from 'int' to 'float', possible loss of data
     1>Utils\intersection.cpp(61): warning C4244: 'initializing' : conversion from 'double' to 'float', possible loss of data
     1>Utils\intersection.cpp(65): warning C4244: 'initializing' : conversion from 'double' to 'float', possible loss of data
     1>Utils\intersection.cpp(66): warning C4244: 'initializing' : conversion from 'double' to 'float', possible loss of data
     1>Utils\intersection.cpp(67): warning C4244: 'initializing' : conversion from 'double' to 'float', possible loss of data
     1>Utils\intersection.cpp(91): warning C4244: 'initializing' : conversion from 'double' to 'float', possible loss of data
     1>Utils\intersection.cpp(95): warning C4244: 'initializing' : conversion from 'double' to 'float', possible loss of data
     1>Utils\intersection.cpp(96): warning C4244: 'initializing' : conversion from 'double' to 'float', possible loss of data
     1>Utils\intersection.cpp(97): warning C4244: 'initializing' : conversion from 'double' to 'float', possible loss of data
     1>Utils\intersection.cpp(102): warning C4244: '=' : conversion from 'float' to 'int', possible loss of data
     1>Utils\intersection.cpp(103): warning C4244: '=' : conversion from 'float' to 'int', possible loss of data
     1>Utils\intersection.cpp(107): warning C4244: 'argument' : conversion from 'double' to 'int', possible loss of data
     1>Utils\intersection.cpp(107): warning C4244: 'argument' : conversion from 'float' to 'int', possible loss of data
     1>Utils\intersection.cpp(109): warning C4244: '=' : conversion from 'double' to 'int', possible loss of data
     1>Utils\intersection.cpp(110): warning C4244: '=' : conversion from 'double' to 'int', possible loss of data
     1>Utils\intersection.cpp(114): warning C4244: '=' : conversion from 'double' to 'int', possible loss of data
     1>Utils\intersection.cpp(115): warning C4244: '=' : conversion from 'double' to 'int', possible loss of data
     1>Utils\intersection.cpp(123): warning C4244: '=' : conversion from 'float' to 'int', possible loss of data
     1>Utils\intersection.cpp(124): warning C4244: '=' : conversion from 'float' to 'int', possible loss of data
     1>Utils\intersection.cpp(128): warning C4244: 'argument' : conversion from 'double' to 'int', possible loss of data
     1>Utils\intersection.cpp(128): warning C4244: 'argument' : conversion from 'float' to 'int', possible loss of data
     1>Utils\intersection.cpp(130): warning C4244: '=' : conversion from 'double' to 'int', possible loss of data
     1>Utils\intersection.cpp(131): warning C4244: '=' : conversion from 'double' to 'int', possible loss of data
     1>Utils\intersection.cpp(135): warning C4244: '=' : conversion from 'double' to 'int', possible loss of data
     1>Utils\intersection.cpp(136): warning C4244: '=' : conversion from 'double' to 'int', possible loss of data
     1>Utils\intersection.cpp(203): warning C4244: 'argument' : conversion from 'double' to 'float', possible loss of data
     1>Utils\intersection.cpp(203): warning C4244: 'argument' : conversion from 'const double' to 'float', possible loss of data
     1>Utils\intersection.cpp(210): warning C4244: 'argument' : conversion from 'double' to 'float', possible loss of data
     1>Utils\intersection.cpp(210): warning C4244: 'argument' : conversion from 'const double' to 'float', possible loss of data
     1>Utils\intersection.cpp(224): warning C4244: 'argument' : conversion from 'double' to 'float', possible loss of data
     1>Utils\intersection.cpp(224): warning C4244: 'argument' : conversion from 'const double' to 'float', possible loss of data
     1>Utils\intersection.cpp(231): warning C4244: 'argument' : conversion from 'double' to 'float', possible loss of data
     1>Utils\intersection.cpp(231): warning C4244: 'argument' : conversion from 'const double' to 'float', possible loss of data
         Client.cpp
     1>winDebugger\Client.cpp(15): warning C4101: 'buffer' : unreferenced local variable
         beliefState.cpp
     1>c:\simurosot\core\..\common\include\geometry.hpp(247): warning C4244: 'argument' : conversion from 'int' to 'float', possible loss of data
     1>c:\simurosot\core\..\common\include\geometry.hpp(258): warning C4244: 'argument' : conversion from 'float' to 'int', possible loss of data
     1>c:\simurosot\core\..\Utils\comdef.h(14): warning C4005: 'ABSOLUTE' : macro redefinition
                 C:\Program Files (x86)\Windows Kits\8.0\Include\um\wingdi.h(1892) : see previous definition of 'ABSOLUTE'
     1>Core\beliefState.cpp(56): warning C4305: '=' : truncation from 'double' to 'float'
     1>Core\beliefState.cpp(61): warning C4244: '=' : conversion from 'int' to 'float', possible loss of data
     1>Core\beliefState.cpp(66): warning C4244: '=' : conversion from 'int' to 'float', possible loss of data
     1>Core\beliefState.cpp(68): warning C4244: '=' : conversion from 'float' to 'int', possible loss of data
     1>Core\beliefState.cpp(75): warning C4305: '=' : truncation from 'double' to 'float'
     1>Core\beliefState.cpp(79): warning C4244: '=' : conversion from 'int' to 'float', possible loss of data
     1>Core\beliefState.cpp(83): warning C4244: '=' : conversion from 'int' to 'float', possible loss of data
     1>Core\beliefState.cpp(85): warning C4244: '=' : conversion from 'float' to 'int', possible loss of data
     1>Core\beliefState.cpp(229): warning C4305: 'initializing' : truncation from 'double' to 'float'
     1>Core\beliefState.cpp(242): warning C4305: 'initializing' : truncation from 'double' to 'float'
     1>Core\beliefState.cpp(262): warning C4996: 'sprintf': This function or variable may be unsafe. Consider using sprintf_s instead. To disable deprecation, use _CRT_SECURE_NO_WARNINGS. See online help for details.
                 C:\Program Files (x86)\Microsoft Visual Studio 11.0\VC\include\stdio.h(357) : see declaration of 'sprintf'
         comm.cpp
         Server.cpp
         Strategy.cpp
     1>c:\simurosot\Utils/comdef.h(14): warning C4005: 'ABSOLUTE' : macro redefinition
                 C:\Program Files (x86)\Windows Kits\8.0\Include\um\wingdi.h(1892) : see previous definition of 'ABSOLUTE'
     1>c:\simurosot\utils\..\common\include\geometry.hpp(247): warning C4244: 'argument' : conversion from 'int' to 'float', possible loss of data
     1>c:\simurosot\utils\..\common\include\geometry.hpp(258): warning C4244: 'argument' : conversion from 'float' to 'int', possible loss of data
     1>c:\simurosot\utils\../common/include/timer.h(60): warning C4996: '__timezone': This function or variable may be unsafe. Consider using _get_timezone instead. To disable deprecation, use _CRT_SECURE_NO_WARNINGS. See online help for details.
                 C:\Program Files (x86)\Microsoft Visual Studio 11.0\VC\include\time.h(139) : see declaration of '__timezone'
     1>c:\simurosot\utils\../common/include/timer.h(61): warning C4996: '__daylight': This function or variable may be unsafe. Consider using _get_daylight instead. To disable deprecation, use _CRT_SECURE_NO_WARNINGS. See online help for details.
                 C:\Program Files (x86)\Microsoft Visual Studio 11.0\VC\include\time.h(131) : see declaration of '__daylight'
     1>c:\simurosot\../Simurosot/Utils/kalman.h(23): warning C4305: 'initializing' : truncation from 'double' to 'const float'
     1>c:\simurosot\../Simurosot/Utils/kalman.h(24): warning C4305: 'initializing' : truncation from 'double' to 'const float'
     1>c:\simurosot\../Simurosot/Utils/kalman.h(25): warning C4305: 'initializing' : truncation from 'double' to 'const float'
     1>c:\simurosot\../Simurosot/Utils/kalman.h(26): warning C4305: 'initializing' : truncation from 'double' to 'const float'
     1>c:\simurosot\Attacker.hpp(15): warning C4244: 'argument' : conversion from 'double' to 'float', possible loss of data
     1>c:\simurosot\Attacker.hpp(18): warning C4244: 'argument' : conversion from 'double' to 'float', possible loss of data
     1>c:\simurosot\Attacker.hpp(38): warning C4996: 'sprintf': This function or variable may be unsafe. Consider using sprintf_s instead. To disable deprecation, use _CRT_SECURE_NO_WARNINGS. See online help for details.
                 C:\Program Files (x86)\Microsoft Visual Studio 11.0\VC\include\stdio.h(357) : see declaration of 'sprintf'
     1>Strategy.cpp(53): warning C4800: 'int' : forcing value to bool 'true' or 'false' (performance warning)
         comdef.cpp
     1>c:\simurosot\utils\comdef.h(14): warning C4005: 'ABSOLUTE' : macro redefinition
                 C:\Program Files (x86)\Windows Kits\8.0\Include\um\wingdi.h(1892) : see previous definition of 'ABSOLUTE'
         kalman.cpp
     1>c:\simurosot\utils\comdef.h(14): warning C4005: 'ABSOLUTE' : macro redefinition
                 C:\Program Files (x86)\Windows Kits\8.0\Include\um\wingdi.h(1892) : see previous definition of 'ABSOLUTE'
     1>c:\simurosot\utils\../common/include/geometry.hpp(247): warning C4244: 'argument' : conversion from 'int' to 'float', possible loss of data
     1>c:\simurosot\utils\../common/include/geometry.hpp(258): warning C4244: 'argument' : conversion from 'float' to 'int', possible loss of data
     1>c:\simurosot\utils\../common/include/timer.h(60): warning C4996: '__timezone': This function or variable may be unsafe. Consider using _get_timezone instead. To disable deprecation, use _CRT_SECURE_NO_WARNINGS. See online help for details.
                 C:\Program Files (x86)\Microsoft Visual Studio 11.0\VC\include\time.h(139) : see declaration of '__timezone'
     1>c:\simurosot\utils\../common/include/timer.h(61): warning C4996: '__daylight': This function or variable may be unsafe. Consider using _get_daylight instead. To disable deprecation, use _CRT_SECURE_NO_WARNINGS. See online help for details.
                 C:\Program Files (x86)\Microsoft Visual Studio 11.0\VC\include\time.h(131) : see declaration of '__daylight'
     1>c:\simurosot\utils\kalman.h(23): warning C4305: 'initializing' : truncation from 'double' to 'const float'
     1>c:\simurosot\utils\kalman.h(24): warning C4305: 'initializing' : truncation from 'double' to 'const float'
     1>c:\simurosot\utils\kalman.h(25): warning C4305: 'initializing' : truncation from 'double' to 'const float'
     1>c:\simurosot\utils\kalman.h(26): warning C4305: 'initializing' : truncation from 'double' to 'const float'
     1>Utils\kalman.cpp(19): warning C4804: '-' : unsafe use of type 'bool' in operation
     1>Utils\kalman.cpp(20): warning C4804: '-' : unsafe use of type 'bool' in operation
     1>Utils\kalman.cpp(48): warning C4244: '=' : conversion from 'const int' to 'float', possible loss of data
     1>Utils\kalman.cpp(70): warning C4996: 'fopen': This function or variable may be unsafe. Consider using fopen_s instead. To disable deprecation, use _CRT_SECURE_NO_WARNINGS. See online help for details.
                 C:\Program Files (x86)\Microsoft Visual Studio 11.0\VC\include\stdio.h(218) : see declaration of 'fopen'
     1>Utils\kalman.cpp(154): warning C4244: 'initializing' : conversion from 'double' to 'int', possible loss of data
     1>Utils\kalman.cpp(155): warning C4244: 'initializing' : conversion from 'double' to 'int', possible loss of data
     1>Utils\kalman.cpp(156): warning C4244: 'initializing' : conversion from 'double' to 'float', possible loss of data
     1>Utils\kalman.cpp(161): warning C4244: '=' : conversion from 'double' to 'float', possible loss of data
     1>Utils\kalman.cpp(164): warning C4244: 'initializing' : conversion from 'double' to 'float', possible loss of data
     1>Utils\kalman.cpp(168): warning C4244: '=' : conversion from 'double' to 'float', possible loss of data
     1>Utils\kalman.cpp(169): warning C4244: '=' : conversion from 'double' to 'float', possible loss of data
     1>Utils\kalman.cpp(174): warning C4244: '=' : conversion from 'double' to 'float', possible loss of data
     1>Utils\kalman.cpp(177): warning C4244: 'initializing' : conversion from 'double' to 'float', possible loss of data
     1>Utils\kalman.cpp(181): warning C4244: '=' : conversion from 'double' to 'float', possible loss of data
     1>Utils\kalman.cpp(182): warning C4244: '=' : conversion from 'double' to 'float', possible loss of data
     1>Utils\kalman.cpp(184): warning C4244: '=' : conversion from 'double' to 'float', possible loss of data
     1>Utils\kalman.cpp(186): warning C4244: 'initializing' : conversion from 'double' to 'float', possible loss of data
     1>Utils\kalman.cpp(190): warning C4244: '=' : conversion from 'double' to 'float', possible loss of data
     1>Utils\kalman.cpp(191): warning C4244: '=' : conversion from 'double' to 'float', possible loss of data
     1>Utils\kalman.cpp(198): warning C4244: 'argument' : conversion from 'int' to 'float', possible loss of data
     1>Utils\kalman.cpp(199): warning C4244: 'argument' : conversion from 'int' to 'float', possible loss of data
     1>Utils\kalman.cpp(209): warning C4244: 'initializing' : conversion from 'double' to 'int', possible loss of data
     1>Utils\kalman.cpp(210): warning C4244: 'initializing' : conversion from 'double' to 'int', possible loss of data
     1>Utils\kalman.cpp(211): warning C4244: 'initializing' : conversion from 'double' to 'float', possible loss of data
     1>Utils\kalman.cpp(222): warning C4244: '=' : conversion from 'double' to 'float', possible loss of data
     1>Utils\kalman.cpp(224): warning C4244: 'initializing' : conversion from 'double' to 'float', possible loss of data
     1>Utils\kalman.cpp(228): warning C4244: '=' : conversion from 'double' to 'float', possible loss of data
     1>Utils\kalman.cpp(229): warning C4244: '=' : conversion from 'double' to 'float', possible loss of data
     1>Utils\kalman.cpp(231): warning C4244: '=' : conversion from 'double' to 'float', possible loss of data
     1>Utils\kalman.cpp(233): warning C4244: 'initializing' : conversion from 'double' to 'float', possible loss of data
     1>Utils\kalman.cpp(237): warning C4244: '=' : conversion from 'double' to 'float', possible loss of data
     1>Utils\kalman.cpp(238): warning C4244: '=' : conversion from 'double' to 'float', possible loss of data
     1>Utils\kalman.cpp(240): warning C4244: '=' : conversion from 'double' to 'float', possible loss of data
     1>Utils\kalman.cpp(242): warning C4244: 'initializing' : conversion from 'double' to 'float', possible loss of data
     1>Utils\kalman.cpp(246): warning C4244: '=' : conversion from 'double' to 'float', possible loss of data
     1>Utils\kalman.cpp(247): warning C4244: '=' : conversion from 'double' to 'float', possible loss of data
     1>Utils\kalman.cpp(251): warning C4244: 'argument' : conversion from 'int' to 'float', possible loss of data
     1>Utils\kalman.cpp(252): warning C4244: 'argument' : conversion from 'int' to 'float', possible loss of data
     1>Utils\kalman.cpp(261): warning C4244: 'initializing' : conversion from 'double' to 'int', possible loss of data
     1>Utils\kalman.cpp(262): warning C4244: 'initializing' : conversion from 'double' to 'int', possible loss of data
     1>Utils\kalman.cpp(268): warning C4244: '=' : conversion from 'double' to 'float', possible loss of data
     1>Utils\kalman.cpp(270): warning C4244: 'initializing' : conversion from 'double' to 'float', possible loss of data
     1>Utils\kalman.cpp(274): warning C4244: '=' : conversion from 'double' to 'float', possible loss of data
     1>Utils\kalman.cpp(275): warning C4244: '=' : conversion from 'double' to 'float', possible loss of data
     1>Utils\kalman.cpp(277): warning C4244: '=' : conversion from 'double' to 'float', possible loss of data
     1>Utils\kalman.cpp(279): warning C4244: 'initializing' : conversion from 'double' to 'float', possible loss of data
     1>Utils\kalman.cpp(283): warning C4244: '=' : conversion from 'double' to 'float', possible loss of data
     1>Utils\kalman.cpp(284): warning C4244: '=' : conversion from 'double' to 'float', possible loss of data
     1>Utils\kalman.cpp(287): warning C4244: 'argument' : conversion from 'int' to 'float', possible loss of data
     1>Utils\kalman.cpp(288): warning C4244: 'argument' : conversion from 'int' to 'float', possible loss of data
     1>Utils\kalman.cpp(305): warning C4244: 'argument' : conversion from 'float' to 'int', possible loss of data
     1>Utils\kalman.cpp(317): warning C4244: 'argument' : conversion from 'float' to 'int', possible loss of data
     1>Utils\kalman.cpp(325): warning C4244: 'argument' : conversion from 'float' to 'int', possible loss of data
         LocalAvoidance.cpp
     1>c:\simurosot\utils\..\common\include\geometry.hpp(247): warning C4244: 'argument' : conversion from 'int' to 'float', possible loss of data
     1>c:\simurosot\utils\..\common\include\geometry.hpp(258): warning C4244: 'argument' : conversion from 'float' to 'int', possible loss of data
     1>Utils\LocalAvoidance.cpp(60): warning C4244: 'return' : conversion from 'double' to 'float', possible loss of data
     1>Utils\LocalAvoidance.cpp(64): warning C4244: 'argument' : conversion from 'int' to 'float', possible loss of data
     1>Utils\LocalAvoidance.cpp(65): warning C4244: 'argument' : conversion from 'int' to 'float', possible loss of data
     1>Utils\LocalAvoidance.cpp(66): warning C4244: 'argument' : conversion from 'int' to 'float', possible loss of data
     1>Utils\LocalAvoidance.cpp(67): warning C4244: 'argument' : conversion from 'int' to 'float', possible loss of data
     1>Utils\LocalAvoidance.cpp(102): warning C4244: '=' : conversion from 'double' to 'float', possible loss of data
     1>Utils\LocalAvoidance.cpp(109): warning C4018: '<' : signed/unsigned mismatch
     1>Utils\LocalAvoidance.cpp(111): warning C4244: 'argument' : conversion from 'float' to 'int', possible loss of data
     1>Utils\LocalAvoidance.cpp(111): warning C4244: 'initializing' : conversion from 'int' to 'float', possible loss of data
     1>Utils\LocalAvoidance.cpp(117): warning C4244: '=' : conversion from 'double' to 'float', possible loss of data
     1>Utils\LocalAvoidance.cpp(136): warning C4244: 'initializing' : conversion from 'const float' to 'int', possible loss of data
     1>Utils\LocalAvoidance.cpp(169): warning C4244: 'initializing' : conversion from 'double' to 'float', possible loss of data
     1>Utils\LocalAvoidance.cpp(170): warning C4244: 'initializing' : conversion from 'double' to 'float', possible loss of data
     1>Utils\LocalAvoidance.cpp(187): warning C4244: '=' : conversion from 'const float' to 'int', possible loss of data
     1>Utils\LocalAvoidance.cpp(188): warning C4244: '=' : conversion from 'const float' to 'int', possible loss of data
         Generating Code...
     1>c:\simurosot\utils\kalman.cpp(142): warning C4700: uninitialized local variable 'tv' used
       ResourceCompile:
         C:\Program Files (x86)\Windows Kits\8.0\bin\x86\rc.exe /D NDEBUG /D _VC80_UPGRADE=0x0600 /l"0x0c09" /nologo /fo".\Release\Strategy.res" Strategy.rc 
       Link:
         C:\Program Files (x86)\Microsoft Visual Studio 11.0\VC\bin\link.exe /ERRORREPORT:PROMPT /OUT:".\Release\Strategy.dll" /INCREMENTAL:NO /NOLOGO odbc32.lib odbccp32.lib kernel32.lib user32.lib gdi32.lib winspool.lib comdlg32.lib advapi32.lib shell32.lib ole32.lib oleaut32.lib uuid.lib odbc32.lib odbccp32.lib /MANIFEST /MANIFESTUAC:"level='asInvoker' uiAccess='false'" /manifest:embed /PDB:".\Release\Strategy.pdb" /SUBSYSTEM:CONSOLE /TLBID:1 /DYNAMICBASE /NXCOMPAT /IMPLIB:".\Release\Strategy.lib" /MACHINE:X86 /SAFESEH /DLL .\Release\Strategy.res
         .\Release\config.obj
         .\Release\skills.obj
         .\Release\intersection.obj
         .\Release\Client.obj
         .\Release\beliefState.obj
         .\Release\comm.obj
         .\Release\Server.obj
         .\Release\StdAfx.obj
         .\Release\Strategy.obj
         .\Release\comdef.obj
         .\Release\kalman.obj
         .\Release\LocalAvoidance.obj
            Creating library .\Release\Strategy.lib and object .\Release\Strategy.exp
         Strategy.vcxproj -> C:\SimuroSot\.\Release\Strategy.dll
       PostBuildEvent:
         START run.bat
         :VCEnd
     1>Done Building Project "C:\SimuroSot\Strategy.vcxproj" (Rebuild target(s)).

Build succeeded.

Time Elapsed 00:01:27.15
