C:\SIMUROSOT\RELEASE\STRATEGY.PCH
C:\SIMUROSOT\RELEASE\STDAFX.OBJ
C:\SIMUROSOT\RELEASE\VC110.PDB
C:\SIMUROSOT\RELEASE\LOCALAVOIDANCE.OBJ
C:\SIMUROSOT\RELEASE\KALMAN.OBJ
C:\SIMUROSOT\RELEASE\COMDEF.OBJ
C:\SIMUROSOT\RELEASE\STRATEGY.OBJ
C:\SIMUROSOT\RELEASE\SERVER.OBJ
C:\SIMUROSOT\RELEASE\COMM.OBJ
C:\SIMUROSOT\RELEASE\BELIEFSTATE.OBJ
C:\SIMUROSOT\RELEASE\CLIENT.OBJ
C:\SIMUROSOT\RELEASE\INTERSECTION.OBJ
C:\SIMUROSOT\RELEASE\SKILLS.OBJ
C:\SIMUROSOT\RELEASE\CONFIG.OBJ
C:\SIMUROSOT\RELEASE\STRATEGY.DLL
C:\SIMUROSOT\RELEASE\STRATEGY.RES
C:\SimuroSot\Release\Strategy.lib
C:\SimuroSot\Release\Strategy.exp
C:\SimuroSot\Release\beliefState.obj
C:\SimuroSot\Release\Client.obj
C:\SimuroSot\Release\comdef.obj
C:\SimuroSot\Release\comm.obj
C:\SimuroSot\Release\config.obj
C:\SimuroSot\Release\intersection.obj
C:\SimuroSot\Release\kalman.obj
C:\SimuroSot\Release\LocalAvoidance.obj
C:\SimuroSot\Release\Server.obj
C:\SimuroSot\Release\skills.obj
C:\SimuroSot\Release\StdAfx.obj
C:\SimuroSot\Release\Strategy.obj
C:\SimuroSot\Release\cl.command.1.tlog
C:\SimuroSot\Release\CL.read.1.tlog
C:\SimuroSot\Release\CL.write.1.tlog
C:\SimuroSot\Release\link-cvtres.read.1.tlog
C:\SimuroSot\Release\link-cvtres.write.1.tlog
C:\SimuroSot\Release\link-rc.read.1.tlog
C:\SimuroSot\Release\link-rc.write.1.tlog
C:\SimuroSot\Release\link.command.1.tlog
C:\SimuroSot\Release\link.read.1.tlog
C:\SimuroSot\Release\link.write.1.tlog
C:\SimuroSot\Release\rc.command.1.tlog
C:\SimuroSot\Release\rc.read.1.tlog
C:\SimuroSot\Release\rc.write.1.tlog
C:\SimuroSot\Release\Strategy.write.1.tlog
C:\SimuroSot\Release\Strategy.res
C:\SimuroSot\Release\Strategy.pch
C:\SimuroSot\Release\vc110.pdb
C:\SimuroSot\.\Release\Strategy.dll
